<?xml version="1.0" encoding="utf-8"?><testsuites name="pytest tests"><testsuite name="pytest" errors="0" failures="0" skipped="0" tests="16" time="11.288" timestamp="2026-05-16T16:57:58.083682+00:00" hostname="agent-env-916ab221-44ec-4c41-941d-ae0f933a3a2a"><testcase classname="tests.test_stemscroll_api" name="test_root" time="0.218" /><testcase classname="tests.test_stemscroll_api.TestCards" name="test_seed_cards_returns_50plus" time="0.056" /><testcase classname="tests.test_stemscroll_api.TestCards" name="test_seed_cards_subject_filter" time="0.057" /><testcase classname="tests.test_stemscroll_api.TestCards" name="test_get_card_by_id" time="0.081" /><testcase classname="tests.test_stemscroll_api.TestCards" name="test_get_card_404" time="0.048" /><testcase classname="tests.test_stemscroll_api.TestCards" name="test_generate_card_returns_card" time="9.558" /><testcase classname="tests.test_stemscroll_api.TestMissions" name="test_list_missions" time="0.051" /><testcase classname="tests.test_stemscroll_api.TestMissions" name="test_get_mission_hydrates_cards" time="0.052" /><testcase classname="tests.test_stemscroll_api.TestMissions" name="test_get_mission_404" time="0.048" /><testcase classname="tests.test_stemscroll_api.TestUser" name="test_get_or_create_user" time="0.056" /><testcase classname="tests.test_stemscroll_api.TestUser" name="test_onboard_endpoint" time="0.103" /><testcase classname="tests.test_stemscroll_api.TestUser" name="test_streak_first_call_is_one" time="0.100" /><testcase classname="tests.test_stemscroll_api.TestUser" name="test_xp_adds_and_recomputes_level" time="0.144" /><testcase classname="tests.test_stemscroll_api.TestUser" name="test_age_mode_endpoint" time="0.097" /><testcase classname="tests.test_stemscroll_api.TestSaved" name="test_save_list_unsave" time="0.305" /><testcase classname="tests.test_stemscroll_api.TestView" name="test_record_view" time="0.082" /></testsuite></testsuites>