<?xml version="1.0" encoding="utf-8"?><testsuites name="pytest tests"><testsuite name="pytest" errors="0" failures="1" skipped="0" tests="14" time="2.383" timestamp="2026-05-19T03:56:50.509442+00:00" hostname="agent-env-06c1e4f4-dbcb-4deb-b114-6ef0b285b7e4"><testcase classname="backend.tests.test_stemscroll.TestHealth" name="test_health" time="0.151" /><testcase classname="backend.tests.test_stemscroll.TestSeedCards" name="test_seed_cards" time="0.121" /><testcase classname="backend.tests.test_stemscroll.TestSeedCards" name="test_card_types_present" time="0.172" /><testcase classname="backend.tests.test_stemscroll.TestUserEndpoints" name="test_get_user_creates_profile" time="0.115" /><testcase classname="backend.tests.test_stemscroll.TestUserEndpoints" name="test_onboard_user" time="0.117" /><testcase classname="backend.tests.test_stemscroll.TestUserEndpoints" name="test_annealed_feed" time="0.133" /><testcase classname="backend.tests.test_stemscroll.TestUserEndpoints" name="test_add_xp" time="0.126" /><testcase classname="backend.tests.test_stemscroll.TestUserEndpoints" name="test_save_card" time="0.299" /><testcase classname="backend.tests.test_stemscroll.TestUserEndpoints" name="test_get_saved" time="0.103"><failure message="assert False&#10; +  where False = isinstance({'cards': [{'card_data': {'ageMode': 'explorer', 'body': &quot;Two hearts pump blood to the gills. One pumps blood to the whole body. When they swim, the body heart stops — that's why they like to crawl!&quot;, 'confidence': 0.95, 'emoji': '#x1F419', ...}, 'card_id': 'f1', 'saved_at': '2026-05-19T03:56:51.836638+00:00', 'user_id': 'test_user_t1_001'}]}, list)">backend/tests/test_stemscroll.py:84: in test_get_saved
    assert isinstance(saved, list)
E   assert False
E    +  where False = isinstance({'cards': [{'card_data': {'ageMode': 'explorer', 'body': "Two hearts pump blood to the gills. One pumps blood to the whole body. When they swim, the body heart stops — that's why they like to crawl!", 'confidence': 0.95, 'emoji': '#x1F419', ...}, 'card_id': 'f1', 'saved_at': '2026-05-19T03:56:51.836638+00:00', 'user_id': 'test_user_t1_001'}]}, list)</failure></testcase><testcase classname="backend.tests.test_stemscroll.TestUserEndpoints" name="test_record_view" time="0.233" /><testcase classname="backend.tests.test_stemscroll.TestUserEndpoints" name="test_record_skip" time="0.228" /><testcase classname="backend.tests.test_stemscroll.TestUserEndpoints" name="test_update_streak" time="0.141" /><testcase classname="backend.tests.test_stemscroll.TestMissions" name="test_get_missions" time="0.099" /><testcase classname="backend.tests.test_stemscroll.TestMissions" name="test_get_mission_cards" time="0.202" /></testsuite></testsuites>